<?xml version="1.0" encoding="UTF-8"?>
<!-- Generated by org.testng.reporters.JUnitXMLReporter -->
<testsuite hostname="DESKTOP-3KA80RE" ignored="0" name="FreeCRM app test cases" tests="2" failures="0" timestamp="2020-02-10T18:50:33 IST" time="62.428" errors="0">
  <testcase name="validateloginfunctionalityTest" time="10.545" classname="com.crm.qa.testcases.TestLoginpage"/>
  <testcase name="validatesignuplinkTest" time="0.142" classname="com.crm.qa.testcases.TestLoginpage"/>
</testsuite> <!-- FreeCRM app test cases -->
