<?xml version="1.0" encoding="UTF-8"?>
<!-- Generated by org.testng.reporters.JUnitXMLReporter -->
<testsuite hostname="DESKTOP-3KA80RE" ignored="0" name="FreeCRM app test cases" tests="3" failures="0" timestamp="2020-01-17T14:47:21 IST" time="69.701" errors="0">
  <testcase name="validateloginfunctionalityTest" time="13.144" classname="com.crm.qa.testcases.TestLoginpage"/>
  <testcase name="validatesignuplinkTest" time="0.21" classname="com.crm.qa.testcases.TestLoginpage"/>
  <testcase name="loginpagetitleTest" time="0.018" classname="com.crm.qa.testcases.TestLoginpage"/>
</testsuite> <!-- FreeCRM app test cases -->
